{"total": {"lines":{"total":7709,"covered":1183,"skipped":0,"pct":15.34},"statements":{"total":8268,"covered":1224,"skipped":0,"pct":14.8},"functions":{"total":1294,"covered":207,"skipped":0,"pct":15.99},"branches":{"total":4337,"covered":273,"skipped":0,"pct":6.29},"branchesTrue":{"total":0,"covered":0,"skipped":0,"pct":100}}
,"D:\\Proyectos personales\\Silhouette Agency OS - LLM\\constants.ts": {"lines":{"total":30,"covered":30,"skipped":0,"pct":100},"functions":{"total":1,"covered":1,"skipped":0,"pct":100},"statements":{"total":37,"covered":37,"skipped":0,"pct":100},"branches":{"total":25,"covered":23,"skipped":0,"pct":92}}
,"D:\\Proyectos personales\\Silhouette Agency OS - LLM\\types.ts": {"lines":{"total":220,"covered":220,"skipped":0,"pct":100},"functions":{"total":17,"covered":17,"skipped":0,"pct":100},"statements":{"total":237,"covered":237,"skipped":0,"pct":100},"branches":{"total":34,"covered":34,"skipped":0,"pct":100}}
,"D:\\Proyectos personales\\Silhouette Agency OS - LLM\\constants\\personalities.ts": {"lines":{"total":4,"covered":2,"skipped":0,"pct":50},"functions":{"total":1,"covered":0,"skipped":0,"pct":0},"statements":{"total":4,"covered":2,"skipped":0,"pct":50},"branches":{"total":0,"covered":0,"skipped":0,"pct":100}}
,"D:\\Proyectos personales\\Silhouette Agency OS - LLM\\services\\agentPersistence.ts": {"lines":{"total":18,"covered":6,"skipped":0,"pct":33.33},"functions":{"total":7,"covered":3,"skipped":0,"pct":42.85},"statements":{"total":19,"covered":7,"skipped":0,"pct":36.84},"branches":{"total":0,"covered":0,"skipped":0,"pct":100}}
,"D:\\Proyectos personales\\Silhouette Agency OS - LLM\\services\\agentStream.ts": {"lines":{"total":27,"covered":2,"skipped":0,"pct":7.4},"functions":{"total":4,"covered":1,"skipped":0,"pct":25},"statements":{"total":27,"covered":2,"skipped":0,"pct":7.4},"branches":{"total":8,"covered":0,"skipped":0,"pct":0}}
,"D:\\Proyectos personales\\Silhouette Agency OS - LLM\\services\\architectService.ts": {"lines":{"total":17,"covered":5,"skipped":0,"pct":29.41},"functions":{"total":3,"covered":2,"skipped":0,"pct":66.66},"statements":{"total":18,"covered":5,"skipped":0,"pct":27.77},"branches":{"total":4,"covered":1,"skipped":0,"pct":25}}
,"D:\\Proyectos personales\\Silhouette Agency OS - LLM\\services\\backgroundLLMService.ts": {"lines":{"total":90,"covered":13,"skipped":0,"pct":14.44},"functions":{"total":21,"covered":2,"skipped":0,"pct":9.52},"statements":{"total":96,"covered":13,"skipped":0,"pct":13.54},"branches":{"total":48,"covered":1,"skipped":0,"pct":2.08}}
,"D:\\Proyectos personales\\Silhouette Agency OS - LLM\\services\\capabilityAwareness.ts": {"lines":{"total":120,"covered":11,"skipped":0,"pct":9.16},"functions":{"total":37,"covered":2,"skipped":0,"pct":5.4},"statements":{"total":122,"covered":11,"skipped":0,"pct":9.01},"branches":{"total":32,"covered":1,"skipped":0,"pct":3.12}}
,"D:\\Proyectos personales\\Silhouette Agency OS - LLM\\services\\capabilityRegistry.ts": {"lines":{"total":47,"covered":14,"skipped":0,"pct":29.78},"functions":{"total":17,"covered":5,"skipped":0,"pct":29.41},"statements":{"total":52,"covered":16,"skipped":0,"pct":30.76},"branches":{"total":26,"covered":8,"skipped":0,"pct":30.76}}
,"D:\\Proyectos personales\\Silhouette Agency OS - LLM\\services\\cfoService.ts": {"lines":{"total":63,"covered":6,"skipped":0,"pct":9.52},"functions":{"total":11,"covered":2,"skipped":0,"pct":18.18},"statements":{"total":67,"covered":6,"skipped":0,"pct":8.95},"branches":{"total":70,"covered":1,"skipped":0,"pct":1.42}}
,"D:\\Proyectos personales\\Silhouette Agency OS - LLM\\services\\chronosService.ts": {"lines":{"total":23,"covered":1,"skipped":0,"pct":4.34},"functions":{"total":5,"covered":0,"skipped":0,"pct":0},"statements":{"total":26,"covered":1,"skipped":0,"pct":3.84},"branches":{"total":3,"covered":0,"skipped":0,"pct":0}}
,"D:\\Proyectos personales\\Silhouette Agency OS - LLM\\services\\codebaseAwareness.ts": {"lines":{"total":59,"covered":7,"skipped":0,"pct":11.86},"functions":{"total":9,"covered":2,"skipped":0,"pct":22.22},"statements":{"total":72,"covered":7,"skipped":0,"pct":9.72},"branches":{"total":46,"covered":0,"skipped":0,"pct":0}}
,"D:\\Proyectos personales\\Silhouette Agency OS - LLM\\services\\consciousnessEngine.ts": {"lines":{"total":62,"covered":6,"skipped":0,"pct":9.67},"functions":{"total":12,"covered":2,"skipped":0,"pct":16.66},"statements":{"total":71,"covered":6,"skipped":0,"pct":8.45},"branches":{"total":34,"covered":0,"skipped":0,"pct":0}}
,"D:\\Proyectos personales\\Silhouette Agency OS - LLM\\services\\contextAssembler.ts": {"lines":{"total":97,"covered":16,"skipped":0,"pct":16.49},"functions":{"total":17,"covered":2,"skipped":0,"pct":11.76},"statements":{"total":108,"covered":17,"skipped":0,"pct":15.74},"branches":{"total":46,"covered":2,"skipped":0,"pct":4.34}}
,"D:\\Proyectos personales\\Silhouette Agency OS - LLM\\services\\contextResolver.ts": {"lines":{"total":22,"covered":1,"skipped":0,"pct":4.54},"functions":{"total":3,"covered":0,"skipped":0,"pct":0},"statements":{"total":23,"covered":1,"skipped":0,"pct":4.34},"branches":{"total":13,"covered":0,"skipped":0,"pct":0}}
,"D:\\Proyectos personales\\Silhouette Agency OS - LLM\\services\\continuumMemory.ts": {"lines":{"total":328,"covered":83,"skipped":0,"pct":25.3},"functions":{"total":78,"covered":15,"skipped":0,"pct":19.23},"statements":{"total":369,"covered":83,"skipped":0,"pct":22.49},"branches":{"total":200,"covered":37,"skipped":0,"pct":18.5}}
,"D:\\Proyectos personales\\Silhouette Agency OS - LLM\\services\\costEstimator.ts": {"lines":{"total":69,"covered":16,"skipped":0,"pct":23.18},"functions":{"total":13,"covered":4,"skipped":0,"pct":30.76},"statements":{"total":70,"covered":16,"skipped":0,"pct":22.85},"branches":{"total":30,"covered":3,"skipped":0,"pct":10}}
,"D:\\Proyectos personales\\Silhouette Agency OS - LLM\\services\\deepSeekService.ts": {"lines":{"total":45,"covered":12,"skipped":0,"pct":26.66},"functions":{"total":8,"covered":3,"skipped":0,"pct":37.5},"statements":{"total":45,"covered":12,"skipped":0,"pct":26.66},"branches":{"total":34,"covered":4,"skipped":0,"pct":11.76}}
,"D:\\Proyectos personales\\Silhouette Agency OS - LLM\\services\\dreamerService.ts": {"lines":{"total":399,"covered":13,"skipped":0,"pct":3.25},"functions":{"total":55,"covered":2,"skipped":0,"pct":3.63},"statements":{"total":426,"covered":13,"skipped":0,"pct":3.05},"branches":{"total":208,"covered":1,"skipped":0,"pct":0.48}}
,"D:\\Proyectos personales\\Silhouette Agency OS - LLM\\services\\enhancedCapabilityRegistry.ts": {"lines":{"total":47,"covered":4,"skipped":0,"pct":8.51},"functions":{"total":10,"covered":2,"skipped":0,"pct":20},"statements":{"total":48,"covered":4,"skipped":0,"pct":8.33},"branches":{"total":15,"covered":1,"skipped":0,"pct":6.66}}
,"D:\\Proyectos personales\\Silhouette Agency OS - LLM\\services\\experienceBuffer.ts": {"lines":{"total":35,"covered":3,"skipped":0,"pct":8.57},"functions":{"total":12,"covered":1,"skipped":0,"pct":8.33},"statements":{"total":37,"covered":3,"skipped":0,"pct":8.1},"branches":{"total":20,"covered":0,"skipped":0,"pct":0}}
,"D:\\Proyectos personales\\Silhouette Agency OS - LLM\\services\\geminiService.ts": {"lines":{"total":516,"covered":13,"skipped":0,"pct":2.51},"functions":{"total":19,"covered":0,"skipped":0,"pct":0},"statements":{"total":541,"covered":13,"skipped":0,"pct":2.4},"branches":{"total":387,"covered":5,"skipped":0,"pct":1.29}}
,"D:\\Proyectos personales\\Silhouette Agency OS - LLM\\services\\graphService.ts": {"lines":{"total":136,"covered":3,"skipped":0,"pct":2.2},"functions":{"total":27,"covered":1,"skipped":0,"pct":3.7},"statements":{"total":154,"covered":3,"skipped":0,"pct":1.94},"branches":{"total":88,"covered":0,"skipped":0,"pct":0}}
,"D:\\Proyectos personales\\Silhouette Agency OS - LLM\\services\\ingestionService.ts": {"lines":{"total":42,"covered":5,"skipped":0,"pct":11.9},"functions":{"total":3,"covered":2,"skipped":0,"pct":66.66},"statements":{"total":44,"covered":5,"skipped":0,"pct":11.36},"branches":{"total":3,"covered":2,"skipped":0,"pct":66.66}}
,"D:\\Proyectos personales\\Silhouette Agency OS - LLM\\services\\integrationHub.ts": {"lines":{"total":130,"covered":27,"skipped":0,"pct":20.76},"functions":{"total":20,"covered":8,"skipped":0,"pct":40},"statements":{"total":130,"covered":27,"skipped":0,"pct":20.76},"branches":{"total":54,"covered":6,"skipped":0,"pct":11.11}}
,"D:\\Proyectos personales\\Silhouette Agency OS - LLM\\services\\introspectionEngine.ts": {"lines":{"total":374,"covered":39,"skipped":0,"pct":10.42},"functions":{"total":69,"covered":7,"skipped":0,"pct":10.14},"statements":{"total":403,"covered":39,"skipped":0,"pct":9.67},"branches":{"total":176,"covered":8,"skipped":0,"pct":4.54}}
,"D:\\Proyectos personales\\Silhouette Agency OS - LLM\\services\\lancedbService.ts": {"lines":{"total":140,"covered":26,"skipped":0,"pct":18.57},"functions":{"total":21,"covered":4,"skipped":0,"pct":19.04},"statements":{"total":159,"covered":27,"skipped":0,"pct":16.98},"branches":{"total":95,"covered":8,"skipped":0,"pct":8.42}}
,"D:\\Proyectos personales\\Silhouette Agency OS - LLM\\services\\learningLoop.ts": {"lines":{"total":92,"covered":10,"skipped":0,"pct":10.86},"functions":{"total":13,"covered":3,"skipped":0,"pct":23.07},"statements":{"total":92,"covered":10,"skipped":0,"pct":10.86},"branches":{"total":50,"covered":1,"skipped":0,"pct":2}}
,"D:\\Proyectos personales\\Silhouette Agency OS - LLM\\services\\llmGateway.ts": {"lines":{"total":108,"covered":5,"skipped":0,"pct":4.62},"functions":{"total":17,"covered":1,"skipped":0,"pct":5.88},"statements":{"total":118,"covered":5,"skipped":0,"pct":4.23},"branches":{"total":62,"covered":0,"skipped":0,"pct":0}}
,"D:\\Proyectos personales\\Silhouette Agency OS - LLM\\services\\mediaManager.ts": {"lines":{"total":36,"covered":2,"skipped":0,"pct":5.55},"functions":{"total":3,"covered":1,"skipped":0,"pct":33.33},"statements":{"total":37,"covered":2,"skipped":0,"pct":5.4},"branches":{"total":8,"covered":0,"skipped":0,"pct":0}}
,"D:\\Proyectos personales\\Silhouette Agency OS - LLM\\services\\memorySchema.ts": {"lines":{"total":1,"covered":1,"skipped":0,"pct":100},"functions":{"total":0,"covered":0,"skipped":0,"pct":100},"statements":{"total":1,"covered":1,"skipped":0,"pct":100},"branches":{"total":0,"covered":0,"skipped":0,"pct":100}}
,"D:\\Proyectos personales\\Silhouette Agency OS - LLM\\services\\monitoringService.ts": {"lines":{"total":25,"covered":1,"skipped":0,"pct":4},"functions":{"total":5,"covered":0,"skipped":0,"pct":0},"statements":{"total":29,"covered":1,"skipped":0,"pct":3.44},"branches":{"total":18,"covered":0,"skipped":0,"pct":0}}
,"D:\\Proyectos personales\\Silhouette Agency OS - LLM\\services\\narrativeService.ts": {"lines":{"total":358,"covered":41,"skipped":0,"pct":11.45},"functions":{"total":45,"covered":3,"skipped":0,"pct":6.66},"statements":{"total":379,"covered":41,"skipped":0,"pct":10.81},"branches":{"total":233,"covered":0,"skipped":0,"pct":0}}
,"D:\\Proyectos personales\\Silhouette Agency OS - LLM\\services\\ollamaService.ts": {"lines":{"total":100,"covered":15,"skipped":0,"pct":15},"functions":{"total":17,"covered":1,"skipped":0,"pct":5.88},"statements":{"total":101,"covered":15,"skipped":0,"pct":14.85},"branches":{"total":37,"covered":0,"skipped":0,"pct":0}}
,"D:\\Proyectos personales\\Silhouette Agency OS - LLM\\services\\orchestrator.ts": {"lines":{"total":674,"covered":78,"skipped":0,"pct":11.57},"functions":{"total":128,"covered":11,"skipped":0,"pct":8.59},"statements":{"total":722,"covered":80,"skipped":0,"pct":11.08},"branches":{"total":389,"covered":23,"skipped":0,"pct":5.91}}
,"D:\\Proyectos personales\\Silhouette Agency OS - LLM\\services\\promptCompiler.ts": {"lines":{"total":50,"covered":1,"skipped":0,"pct":2},"functions":{"total":17,"covered":0,"skipped":0,"pct":0},"statements":{"total":51,"covered":1,"skipped":0,"pct":1.96},"branches":{"total":36,"covered":0,"skipped":0,"pct":0}}
,"D:\\Proyectos personales\\Silhouette Agency OS - LLM\\services\\providerHealthManager.ts": {"lines":{"total":66,"covered":15,"skipped":0,"pct":22.72},"functions":{"total":11,"covered":3,"skipped":0,"pct":27.27},"statements":{"total":69,"covered":15,"skipped":0,"pct":21.73},"branches":{"total":26,"covered":1,"skipped":0,"pct":3.84}}
,"D:\\Proyectos personales\\Silhouette Agency OS - LLM\\services\\qualityControlService.ts": {"lines":{"total":53,"covered":7,"skipped":0,"pct":13.2},"functions":{"total":10,"covered":0,"skipped":0,"pct":0},"statements":{"total":58,"covered":7,"skipped":0,"pct":12.06},"branches":{"total":26,"covered":0,"skipped":0,"pct":0}}
,"D:\\Proyectos personales\\Silhouette Agency OS - LLM\\services\\redisClient.ts": {"lines":{"total":48,"covered":18,"skipped":0,"pct":37.5},"functions":{"total":10,"covered":4,"skipped":0,"pct":40},"statements":{"total":57,"covered":18,"skipped":0,"pct":31.57},"branches":{"total":40,"covered":8,"skipped":0,"pct":20}}
,"D:\\Proyectos personales\\Silhouette Agency OS - LLM\\services\\remediationService.ts": {"lines":{"total":243,"covered":10,"skipped":0,"pct":4.11},"functions":{"total":31,"covered":3,"skipped":0,"pct":9.67},"statements":{"total":244,"covered":10,"skipped":0,"pct":4.09},"branches":{"total":96,"covered":1,"skipped":0,"pct":1.04}}
,"D:\\Proyectos personales\\Silhouette Agency OS - LLM\\services\\resourceArbiter.ts": {"lines":{"total":63,"covered":10,"skipped":0,"pct":15.87},"functions":{"total":13,"covered":1,"skipped":0,"pct":7.69},"statements":{"total":67,"covered":10,"skipped":0,"pct":14.92},"branches":{"total":42,"covered":4,"skipped":0,"pct":9.52}}
,"D:\\Proyectos personales\\Silhouette Agency OS - LLM\\services\\semanticAgentSearch.ts": {"lines":{"total":81,"covered":6,"skipped":0,"pct":7.4},"functions":{"total":18,"covered":2,"skipped":0,"pct":11.11},"statements":{"total":92,"covered":6,"skipped":0,"pct":6.52},"branches":{"total":61,"covered":1,"skipped":0,"pct":1.63}}
,"D:\\Proyectos personales\\Silhouette Agency OS - LLM\\services\\sensoryService.ts": {"lines":{"total":60,"covered":17,"skipped":0,"pct":28.33},"functions":{"total":12,"covered":5,"skipped":0,"pct":41.66},"statements":{"total":69,"covered":18,"skipped":0,"pct":26.08},"branches":{"total":50,"covered":5,"skipped":0,"pct":10}}
,"D:\\Proyectos personales\\Silhouette Agency OS - LLM\\services\\settingsManager.ts": {"lines":{"total":62,"covered":16,"skipped":0,"pct":25.8},"functions":{"total":22,"covered":9,"skipped":0,"pct":40.9},"statements":{"total":69,"covered":18,"skipped":0,"pct":26.08},"branches":{"total":30,"covered":3,"skipped":0,"pct":10}}
,"D:\\Proyectos personales\\Silhouette Agency OS - LLM\\services\\sqliteService.ts": {"lines":{"total":151,"covered":60,"skipped":0,"pct":39.73},"functions":{"total":49,"covered":10,"skipped":0,"pct":20.4},"statements":{"total":177,"covered":63,"skipped":0,"pct":35.59},"branches":{"total":97,"covered":8,"skipped":0,"pct":8.24}}
,"D:\\Proyectos personales\\Silhouette Agency OS - LLM\\services\\stockService.ts": {"lines":{"total":48,"covered":3,"skipped":0,"pct":6.25},"functions":{"total":12,"covered":1,"skipped":0,"pct":8.33},"statements":{"total":53,"covered":3,"skipped":0,"pct":5.66},"branches":{"total":25,"covered":0,"skipped":0,"pct":0}}
,"D:\\Proyectos personales\\Silhouette Agency OS - LLM\\services\\systemBus.ts": {"lines":{"total":73,"covered":37,"skipped":0,"pct":50.68},"functions":{"total":15,"covered":7,"skipped":0,"pct":46.66},"statements":{"total":77,"covered":39,"skipped":0,"pct":50.64},"branches":{"total":45,"covered":17,"skipped":0,"pct":37.77}}
,"D:\\Proyectos personales\\Silhouette Agency OS - LLM\\services\\uiContext.ts": {"lines":{"total":18,"covered":3,"skipped":0,"pct":16.66},"functions":{"total":6,"covered":1,"skipped":0,"pct":16.66},"statements":{"total":18,"covered":3,"skipped":0,"pct":16.66},"branches":{"total":8,"covered":0,"skipped":0,"pct":0}}
,"D:\\Proyectos personales\\Silhouette Agency OS - LLM\\services\\vectorMemoryService.ts": {"lines":{"total":114,"covered":3,"skipped":0,"pct":2.63},"functions":{"total":26,"covered":1,"skipped":0,"pct":3.84},"statements":{"total":130,"covered":3,"skipped":0,"pct":2.3},"branches":{"total":91,"covered":0,"skipped":0,"pct":0}}
,"D:\\Proyectos personales\\Silhouette Agency OS - LLM\\services\\virtualFileSystem.ts": {"lines":{"total":154,"covered":50,"skipped":0,"pct":32.46},"functions":{"total":37,"covered":11,"skipped":0,"pct":29.72},"statements":{"total":171,"covered":51,"skipped":0,"pct":29.82},"branches":{"total":92,"covered":11,"skipped":0,"pct":11.95}}
,"D:\\Proyectos personales\\Silhouette Agency OS - LLM\\services\\visualCortex.ts": {"lines":{"total":17,"covered":4,"skipped":0,"pct":23.52},"functions":{"total":5,"covered":2,"skipped":0,"pct":40},"statements":{"total":17,"covered":4,"skipped":0,"pct":23.52},"branches":{"total":2,"covered":0,"skipped":0,"pct":0}}
,"D:\\Proyectos personales\\Silhouette Agency OS - LLM\\services\\workflowEngine.ts": {"lines":{"total":212,"covered":17,"skipped":0,"pct":8.01},"functions":{"total":27,"covered":1,"skipped":0,"pct":3.7},"statements":{"total":223,"covered":17,"skipped":0,"pct":7.62},"branches":{"total":81,"covered":0,"skipped":0,"pct":0}}
,"D:\\Proyectos personales\\Silhouette Agency OS - LLM\\services\\bus\\MemoryBusAdapter.ts": {"lines":{"total":23,"covered":9,"skipped":0,"pct":39.13},"functions":{"total":9,"covered":4,"skipped":0,"pct":44.44},"statements":{"total":23,"covered":9,"skipped":0,"pct":39.13},"branches":{"total":14,"covered":4,"skipped":0,"pct":28.57}}
,"D:\\Proyectos personales\\Silhouette Agency OS - LLM\\services\\factory\\AgentFactory.ts": {"lines":{"total":111,"covered":1,"skipped":0,"pct":0.9},"functions":{"total":13,"covered":0,"skipped":0,"pct":0},"statements":{"total":116,"covered":1,"skipped":0,"pct":0.86},"branches":{"total":32,"covered":0,"skipped":0,"pct":0}}
,"D:\\Proyectos personales\\Silhouette Agency OS - LLM\\services\\media\\imageFactory.ts": {"lines":{"total":140,"covered":1,"skipped":0,"pct":0.71},"functions":{"total":16,"covered":1,"skipped":0,"pct":6.25},"statements":{"total":151,"covered":1,"skipped":0,"pct":0.66},"branches":{"total":78,"covered":0,"skipped":0,"pct":0}}
,"D:\\Proyectos personales\\Silhouette Agency OS - LLM\\services\\media\\localVideoService.ts": {"lines":{"total":30,"covered":7,"skipped":0,"pct":23.33},"functions":{"total":4,"covered":2,"skipped":0,"pct":50},"statements":{"total":30,"covered":7,"skipped":0,"pct":23.33},"branches":{"total":14,"covered":2,"skipped":0,"pct":14.28}}
,"D:\\Proyectos personales\\Silhouette Agency OS - LLM\\services\\media\\nanoBananaService.ts": {"lines":{"total":28,"covered":6,"skipped":0,"pct":21.42},"functions":{"total":5,"covered":1,"skipped":0,"pct":20},"statements":{"total":31,"covered":6,"skipped":0,"pct":19.35},"branches":{"total":21,"covered":3,"skipped":0,"pct":14.28}}
,"D:\\Proyectos personales\\Silhouette Agency OS - LLM\\services\\media\\stockService.ts": {"lines":{"total":20,"covered":4,"skipped":0,"pct":20},"functions":{"total":2,"covered":1,"skipped":0,"pct":50},"statements":{"total":22,"covered":4,"skipped":0,"pct":18.18},"branches":{"total":9,"covered":1,"skipped":0,"pct":11.11}}
,"D:\\Proyectos personales\\Silhouette Agency OS - LLM\\services\\media\\veoService.ts": {"lines":{"total":59,"covered":7,"skipped":0,"pct":11.86},"functions":{"total":6,"covered":1,"skipped":0,"pct":16.66},"statements":{"total":61,"covered":7,"skipped":0,"pct":11.47},"branches":{"total":53,"covered":3,"skipped":0,"pct":5.66}}
,"D:\\Proyectos personales\\Silhouette Agency OS - LLM\\services\\media\\videoFactory.ts": {"lines":{"total":19,"covered":1,"skipped":0,"pct":5.26},"functions":{"total":3,"covered":1,"skipped":0,"pct":33.33},"statements":{"total":19,"covered":1,"skipped":0,"pct":5.26},"branches":{"total":14,"covered":0,"skipped":0,"pct":0}}
,"D:\\Proyectos personales\\Silhouette Agency OS - LLM\\services\\resilience\\operationCircuit.ts": {"lines":{"total":71,"covered":11,"skipped":0,"pct":15.49},"functions":{"total":12,"covered":3,"skipped":0,"pct":25},"statements":{"total":76,"covered":11,"skipped":0,"pct":14.47},"branches":{"total":24,"covered":1,"skipped":0,"pct":4.16}}
,"D:\\Proyectos personales\\Silhouette Agency OS - LLM\\services\\resilience\\retryHelper.ts": {"lines":{"total":45,"covered":1,"skipped":0,"pct":2.22},"functions":{"total":10,"covered":0,"skipped":0,"pct":0},"statements":{"total":48,"covered":1,"skipped":0,"pct":2.08},"branches":{"total":26,"covered":0,"skipped":0,"pct":0}}
,"D:\\Proyectos personales\\Silhouette Agency OS - LLM\\services\\resilience\\toolValidator.ts": {"lines":{"total":75,"covered":6,"skipped":0,"pct":8},"functions":{"total":13,"covered":2,"skipped":0,"pct":15.38},"statements":{"total":78,"covered":6,"skipped":0,"pct":7.69},"branches":{"total":67,"covered":1,"skipped":0,"pct":1.49}}
,"D:\\Proyectos personales\\Silhouette Agency OS - LLM\\services\\security\\securitySquad.ts": {"lines":{"total":97,"covered":9,"skipped":0,"pct":9.27},"functions":{"total":11,"covered":2,"skipped":0,"pct":18.18},"statements":{"total":101,"covered":9,"skipped":0,"pct":8.91},"branches":{"total":55,"covered":1,"skipped":0,"pct":1.81}}
,"D:\\Proyectos personales\\Silhouette Agency OS - LLM\\services\\tools\\definitions.ts": {"lines":{"total":36,"covered":36,"skipped":0,"pct":100},"functions":{"total":0,"covered":0,"skipped":0,"pct":100},"statements":{"total":36,"covered":36,"skipped":0,"pct":100},"branches":{"total":0,"covered":0,"skipped":0,"pct":100}}
,"D:\\Proyectos personales\\Silhouette Agency OS - LLM\\services\\tools\\dependencyGraph.ts": {"lines":{"total":144,"covered":7,"skipped":0,"pct":4.86},"functions":{"total":18,"covered":2,"skipped":0,"pct":11.11},"statements":{"total":165,"covered":7,"skipped":0,"pct":4.24},"branches":{"total":134,"covered":1,"skipped":0,"pct":0.74}}
,"D:\\Proyectos personales\\Silhouette Agency OS - LLM\\services\\tools\\toolExecutor.ts": {"lines":{"total":99,"covered":5,"skipped":0,"pct":5.05},"functions":{"total":14,"covered":2,"skipped":0,"pct":14.28},"statements":{"total":100,"covered":5,"skipped":0,"pct":5},"branches":{"total":36,"covered":1,"skipped":0,"pct":2.77}}
,"D:\\Proyectos personales\\Silhouette Agency OS - LLM\\services\\tools\\toolFactory.ts": {"lines":{"total":104,"covered":4,"skipped":0,"pct":3.84},"functions":{"total":19,"covered":2,"skipped":0,"pct":10.52},"statements":{"total":107,"covered":4,"skipped":0,"pct":3.73},"branches":{"total":68,"covered":1,"skipped":0,"pct":1.47}}
,"D:\\Proyectos personales\\Silhouette Agency OS - LLM\\services\\tools\\toolHandler.ts": {"lines":{"total":349,"covered":1,"skipped":0,"pct":0.28},"functions":{"total":54,"covered":0,"skipped":0,"pct":0},"statements":{"total":367,"covered":1,"skipped":0,"pct":0.27},"branches":{"total":227,"covered":0,"skipped":0,"pct":0}}
,"D:\\Proyectos personales\\Silhouette Agency OS - LLM\\services\\tools\\toolPersistence.ts": {"lines":{"total":82,"covered":20,"skipped":0,"pct":24.39},"functions":{"total":12,"covered":4,"skipped":0,"pct":33.33},"statements":{"total":90,"covered":20,"skipped":0,"pct":22.22},"branches":{"total":38,"covered":4,"skipped":0,"pct":10.52}}
,"D:\\Proyectos personales\\Silhouette Agency OS - LLM\\services\\tools\\toolRegistry.ts": {"lines":{"total":74,"covered":28,"skipped":0,"pct":37.83},"functions":{"total":16,"covered":8,"skipped":0,"pct":50},"statements":{"total":80,"covered":29,"skipped":0,"pct":36.25},"branches":{"total":60,"covered":18,"skipped":0,"pct":30}}
,"D:\\Proyectos personales\\Silhouette Agency OS - LLM\\services\\workflows\\dreamShaperWorkflow.ts": {"lines":{"total":13,"covered":1,"skipped":0,"pct":7.69},"functions":{"total":1,"covered":0,"skipped":0,"pct":0},"statements":{"total":13,"covered":1,"skipped":0,"pct":7.69},"branches":{"total":6,"covered":0,"skipped":0,"pct":0}}
,"D:\\Proyectos personales\\Silhouette Agency OS - LLM\\utils\\api.ts": {"lines":{"total":23,"covered":4,"skipped":0,"pct":17.39},"functions":{"total":7,"covered":0,"skipped":0,"pct":0},"statements":{"total":28,"covered":4,"skipped":0,"pct":14.28},"branches":{"total":17,"covered":3,"skipped":0,"pct":17.64}}
}
